<?xml version="1.0" encoding="UTF-8"?>
<!-- Generated by org.testng.reporters.JUnitXMLReporter -->
<testsuite ignored="0" hostname="DESKTOP-D5AHAEQ" failures="3" tests="3" name="BankingApp Test" time="34.94" errors="0" timestamp="2020-06-04T22:10:03 IST">
  <testcase classname="com.inetBanking.testcases.TC_LoginDDT_002" name="loginDDT" time="3.832">
    <failure type="junit.framework.AssertionFailedError">
      <![CDATA[junit.framework.AssertionFailedError
at junit.framework.Assert.fail(Assert.java:47)
at junit.framework.Assert.assertTrue(Assert.java:20)
at junit.framework.Assert.assertTrue(Assert.java:27)
at com.inetBanking.testcases.TC_LoginDDT_002.loginDDT(TC_LoginDDT_002.java:29)
at java.base/java.util.ArrayList.forEach(ArrayList.java:1540)
... Removed 27 stack frames]]>
    </failure>
  </testcase> <!-- loginDDT -->
  <testcase classname="com.inetBanking.testcases.TC_LoginDDT_002" name="loginDDT" time="2.693">
    <failure type="junit.framework.AssertionFailedError">
      <![CDATA[junit.framework.AssertionFailedError
at junit.framework.Assert.fail(Assert.java:47)
at junit.framework.Assert.assertTrue(Assert.java:20)
at junit.framework.Assert.assertTrue(Assert.java:27)
at com.inetBanking.testcases.TC_LoginDDT_002.loginDDT(TC_LoginDDT_002.java:29)
at java.base/java.util.ArrayList.forEach(ArrayList.java:1540)
... Removed 27 stack frames]]>
    </failure>
  </testcase> <!-- loginDDT -->
  <testcase classname="com.inetBanking.testcases.TC_LoginDDT_002" name="loginDDT" time="2.376">
    <failure type="junit.framework.AssertionFailedError">
      <![CDATA[junit.framework.AssertionFailedError
at junit.framework.Assert.fail(Assert.java:47)
at junit.framework.Assert.assertTrue(Assert.java:20)
at junit.framework.Assert.assertTrue(Assert.java:27)
at com.inetBanking.testcases.TC_LoginDDT_002.loginDDT(TC_LoginDDT_002.java:29)
at java.base/java.util.ArrayList.forEach(ArrayList.java:1540)
... Removed 27 stack frames]]>
    </failure>
  </testcase> <!-- loginDDT -->
</testsuite> <!-- BankingApp Test -->
