<?xml version="1.0" encoding="UTF-8"?>
<!-- Generated by org.testng.reporters.JUnitXMLReporter -->
<testsuite ignored="0" hostname="DESKTOP-D5AHAEQ" failures="0" tests="2" name="BankingApp Test" time="192.074" errors="0" timestamp="2020-06-07T11:16:26 IST">
  <testcase classname="com.inetBanking.testcases.TCLoginTest_001" name="loginTest" time="80.601"/>
  <testcase classname="com.inetBanking.testcases.TC_AddCustomerTest_003" name="addNewCustomer" time="23.625"/>
</testsuite> <!-- BankingApp Test -->
