<?xml version="1.0" encoding="UTF-8"?>
<testng-results ignored="0" total="2" passed="2" failed="0" skipped="0">
  <reporter-output>
  </reporter-output>
  <suite started-at="2020-06-07T11:13:13 IST" name="InetBankingV1" finished-at="2020-06-07T11:16:25 IST" duration-ms="192074">
    <groups>
    </groups>
    <test started-at="2020-06-07T11:13:13 IST" name="BankingApp Test" finished-at="2020-06-07T11:16:25 IST" duration-ms="192074">
      <class name="com.inetBanking.testcases.TCLoginTest_001">
        <test-method is-config="true" signature="setUp(java.lang.String)[pri:0, instance:com.inetBanking.testcases.TCLoginTest_001@2a65fe7c]" started-at="2020-06-07T11:13:14 IST" name="setUp" finished-at="2020-06-07T11:14:17 IST" duration-ms="62940" status="PASS">
          <params>
            <param index="0">
              <value>
                <![CDATA[chrome]]>
              </value>
            </param>
          </params>
          <reporter-output>
          </reporter-output>
        </test-method> <!-- setUp -->
        <test-method signature="loginTest()[pri:0, instance:com.inetBanking.testcases.TCLoginTest_001@2a65fe7c]" started-at="2020-06-07T11:14:18 IST" name="loginTest" finished-at="2020-06-07T11:15:38 IST" duration-ms="80601" status="PASS">
          <reporter-output>
          </reporter-output>
        </test-method> <!-- loginTest -->
        <test-method is-config="true" signature="tearDown()[pri:0, instance:com.inetBanking.testcases.TCLoginTest_001@2a65fe7c]" started-at="2020-06-07T11:15:38 IST" name="tearDown" finished-at="2020-06-07T11:15:41 IST" duration-ms="2211" status="PASS">
          <reporter-output>
          </reporter-output>
        </test-method> <!-- tearDown -->
      </class> <!-- com.inetBanking.testcases.TCLoginTest_001 -->
      <class name="com.inetBanking.testcases.TC_AddCustomerTest_003">
        <test-method is-config="true" signature="setUp(java.lang.String)[pri:0, instance:com.inetBanking.testcases.TC_AddCustomerTest_003@4135c3b]" started-at="2020-06-07T11:15:41 IST" name="setUp" finished-at="2020-06-07T11:16:02 IST" duration-ms="20976" status="PASS">
          <params>
            <param index="0">
              <value>
                <![CDATA[chrome]]>
              </value>
            </param>
          </params>
          <reporter-output>
          </reporter-output>
        </test-method> <!-- setUp -->
        <test-method signature="addNewCustomer()[pri:0, instance:com.inetBanking.testcases.TC_AddCustomerTest_003@4135c3b]" started-at="2020-06-07T11:16:02 IST" name="addNewCustomer" finished-at="2020-06-07T11:16:25 IST" duration-ms="23625" status="PASS">
          <reporter-output>
          </reporter-output>
        </test-method> <!-- addNewCustomer -->
        <test-method is-config="true" signature="tearDown()[pri:0, instance:com.inetBanking.testcases.TC_AddCustomerTest_003@4135c3b]" started-at="2020-06-07T11:16:25 IST" name="tearDown" finished-at="2020-06-07T11:16:25 IST" duration-ms="158" status="PASS">
          <reporter-output>
          </reporter-output>
        </test-method> <!-- tearDown -->
      </class> <!-- com.inetBanking.testcases.TC_AddCustomerTest_003 -->
    </test> <!-- BankingApp Test -->
  </suite> <!-- InetBankingV1 -->
</testng-results>
